<?xml version="1.0" encoding="UTF-8"?>
<testsuite xmlns:xsi="http://www.w3.org/2001/XMLSchema-instance" xsi:schemaLocation="https://maven.apache.org/surefire/maven-surefire-plugin/xsd/surefire-test-report.xsd" name="com.sura.pruebatecnica.EnvioRecepcionCorreo" time="57.145" tests="51" errors="0" skipped="30" failures="0">
  <properties>
[...]
</properties>
  <testcase name="BeforeStories" classname="java.lang.Object" time="0.025"/>
  <testcase name="Given estoy cargando el sitioweb de gmail: https://gmail.com" classname="com.sura.pruebatecnica.correoelectronico.definitions.IngresoSitioWebDefinitions" time="8.18"/>
  <testcase name="When voy a iniciar sesion, con el email &lt;correoRemitente&gt; y password &lt;pass&gt;" classname="com.sura.pruebatecnica.correoelectronico.definitions.IngresoSitioWebDefinitions" time="9.042"/>
  <testcase name="And seleccione la opcion de redactar" classname="com.sura.pruebatecnica.correoelectronico.definitions.IngresoSitioWebDefinitions" time="6.161"/>
  <testcase name="And indique el &lt;destinatario&gt;, el &lt;asunto&gt; y la &lt;descripcion&gt; del mensaje" classname="com.sura.pruebatecnica.correoelectronico.definitions.IngresoSitioWebDefinitions" time="4.366"/>
  <testcase name="And seleccionar la opcion de enviar" classname="com.sura.pruebatecnica.correoelectronico.definitions.IngresoSitioWebDefinitions" time="1.837"/>
  <testcase name="Then debe mostrar una notificacion indicando que el mensaje ha sido enviado" classname="com.sura.pruebatecnica.correoelectronico.definitions.IngresoSitioWebDefinitions" time="0.737"/>
  <testcase name="And se debe seleccionar la opcion Cuenta de Google" classname="com.sura.pruebatecnica.correoelectronico.definitions.IngresoSitioWebDefinitions" time="1.603"/>
  <testcase name="And voy a ingresar a la opcion Cerrar sesion" classname="com.sura.pruebatecnica.correoelectronico.definitions.IngresoSitioWebDefinitions" time="3.708"/>
  <testcase name="Scenario: Loguin al servidor de correo gmail para |envío y recepción| de información" classname="Scenario: Loguin al servidor de correo gmail para |envío y recepción| de información" time="3.752"/>
  <testcase name="Given estoy cargando el sitioweb de gmail: https://gmail.com​" classname="com.sura.pruebatecnica.correoelectronico.definitions.IngresoSitioWebDefinitions" time="1.633"/>
  <testcase name="When voy a seleccionar la opcion de usar otra cuenta" classname="com.sura.pruebatecnica.correoelectronico.definitions.IngresoSitioWebDefinitions" time="1.64"/>
  <testcase name="And voy a iniciar sesion con correo destinatario, con el email &lt;correoRemitente&gt; y password &lt;pass&gt;" classname="com.sura.pruebatecnica.correoelectronico.definitions.IngresoSitioWebDefinitions" time="5.802"/>
  <testcase name="Then se debe mostrar el asunto del mensaje y descripcion del cuerpo del mensaje" classname="com.sura.pruebatecnica.correoelectronico.definitions.IngresoSitioWebDefinitions" time="0.913"/>
  <testcase name="Scenario: Recepción de correo electronico en la bandeja de entrada gmail" classname="Scenario: Recepción de correo electronico en la bandeja de entrada gmail" time="0.918"/>
  <testcase name="[PENDING] Given estoy enviando un correo en gmail" classname="[PENDING] Given estoy enviando un correo en gmail" time="0">
    <skipped/>
    <system-out><![CDATA[
Scenario: Redacción Correo con copias Cc (Envío)
]]></system-out>
  </testcase>
  <testcase name="[PENDING] When voy a ingresar un valor existente en el campo &quot;Correo destino&quot;" classname="[PENDING] When voy a ingresar un valor existente en el campo &quot;Correo destino&quot;" time="0">
    <skipped/>
    <system-out><![CDATA[Given estoy enviando un correo en gmail (PENDING)
]]></system-out>
  </testcase>
  <testcase name="[PENDING] And voy a seleccionar la opción &quot;Cc&quot;" classname="[PENDING] And voy a seleccionar la opción &quot;Cc&quot;" time="0">
    <skipped/>
    <system-out><![CDATA[When voy a ingresar un valor existente en el campo "Correo destino" (PENDING)
]]></system-out>
  </testcase>
  <testcase name="[PENDING] And voy a ingresar un valor existente en el campo &quot;Cc&quot;" classname="[PENDING] And voy a ingresar un valor existente en el campo &quot;Cc&quot;" time="0">
    <skipped/>
    <system-out><![CDATA[And voy a seleccionar la opción "Cc" (PENDING)
]]></system-out>
  </testcase>
  <testcase name="[PENDING] And voy a ingresar un valor en el campo &quot;Asunto&quot; del mensaje" classname="[PENDING] And voy a ingresar un valor en el campo &quot;Asunto&quot; del mensaje" time="0">
    <skipped/>
    <system-out><![CDATA[And voy a ingresar un valor existente en el campo "Cc" (PENDING)
]]></system-out>
  </testcase>
  <testcase name="[PENDING] And voy a ingresar una descripción en  el cuerpo del mensaje" classname="[PENDING] And voy a ingresar una descripción en  el cuerpo del mensaje" time="0">
    <skipped/>
    <system-out><![CDATA[And voy a ingresar un valor en el campo "Asunto" del mensaje (PENDING)
]]></system-out>
  </testcase>
  <testcase name="[PENDING] And seleccionar enviar" classname="[PENDING] And seleccionar enviar" time="0">
    <skipped/>
    <system-out><![CDATA[And voy a ingresar una descripción en  el cuerpo del mensaje (PENDING)
]]></system-out>
  </testcase>
  <testcase name="[PENDING] Then se debe mostrar correctamente el mensaje &quot;Tu mensaje ha sido enviado. Ver el mensaje" classname="[PENDING] Then se debe mostrar correctamente el mensaje &quot;Tu mensaje ha sido enviado. Ver el mensaje" time="0">
    <skipped/>
    <system-out><![CDATA[And seleccionar enviar (PENDING)
]]></system-out>
  </testcase>
  <testcase name="Scenario: Redacción Correo con copias Cc |Envío|" classname="Scenario: Redacción Correo con copias Cc |Envío|" time="0.077"/>
  <testcase name="[PENDING] Given estoy enviando un correo en gmail​" classname="[PENDING] Given estoy enviando un correo en gmail​" time="0">
    <skipped/>
    <system-out><![CDATA[
Scenario: Redacción Correo con copia Oculta Cco (Envío)
]]></system-out>
  </testcase>
  <testcase name="[PENDING] When voy a ingresar un valor existente en el campo &quot;Correo destino&quot;​" classname="[PENDING] When voy a ingresar un valor existente en el campo &quot;Correo destino&quot;​" time="0">
    <skipped/>
    <system-out><![CDATA[Given estoy enviando un correo en gmail (PENDING)
]]></system-out>
  </testcase>
  <testcase name="[PENDING] And voy a Seleccionar la opción &quot;Cco&quot;" classname="[PENDING] And voy a Seleccionar la opción &quot;Cco&quot;" time="0">
    <skipped/>
    <system-out><![CDATA[When voy a ingresar un valor existente en el campo "Correo destino" (PENDING)
]]></system-out>
  </testcase>
  <testcase name="[PENDING] And voy a ingresar un valor existente en el campo &quot;Cco&quot;&quot;" classname="[PENDING] And voy a ingresar un valor existente en el campo &quot;Cco&quot;&quot;" time="0">
    <skipped/>
    <system-out><![CDATA[And voy a Seleccionar la opción "Cco" (PENDING)
]]></system-out>
  </testcase>
  <testcase name="[PENDING] And voy a ingresar un valor en el campo &quot;Asunto&quot; del mensaje​" classname="[PENDING] And voy a ingresar un valor en el campo &quot;Asunto&quot; del mensaje​" time="0">
    <skipped/>
    <system-out><![CDATA[And voy a ingresar un valor existente en el campo "Cco"" (PENDING)
]]></system-out>
  </testcase>
  <testcase name="[PENDING] And voy a ingresar una descripción en  el cuerpo del mensaje​" classname="[PENDING] And voy a ingresar una descripción en  el cuerpo del mensaje​" time="0">
    <skipped/>
    <system-out><![CDATA[And voy a ingresar un valor en el campo "Asunto" del mensaje (PENDING)
]]></system-out>
  </testcase>
  <testcase name="[PENDING] And seleccionar enviar​" classname="[PENDING] And seleccionar enviar​" time="0">
    <skipped/>
    <system-out><![CDATA[And voy a ingresar una descripción en  el cuerpo del mensaje (PENDING)
]]></system-out>
  </testcase>
  <testcase name="[PENDING] Then se debe mostrar correctamente el mensaje &quot;Tu mensaje ha sido enviado. Ver el mensaje​" classname="[PENDING] Then se debe mostrar correctamente el mensaje &quot;Tu mensaje ha sido enviado. Ver el mensaje​" time="0">
    <skipped/>
    <system-out><![CDATA[And seleccionar enviar (PENDING)
]]></system-out>
  </testcase>
  <testcase name="Scenario: Redacción Correo con copia Oculta Cco |Envío|" classname="Scenario: Redacción Correo con copia Oculta Cco |Envío|" time="0.057"/>
  <testcase name="[PENDING] Given estoy enviando un correo en gmail​​" classname="[PENDING] Given estoy enviando un correo en gmail​​" time="0">
    <skipped/>
    <system-out><![CDATA[
Scenario: Redacción Correo con dato adjunto (Envío)
]]></system-out>
  </testcase>
  <testcase name="[PENDING] When voy a ingresar un valor existente en el campo &quot;Correo destino&quot;​​" classname="[PENDING] When voy a ingresar un valor existente en el campo &quot;Correo destino&quot;​​" time="0">
    <skipped/>
    <system-out><![CDATA[Given estoy enviando un correo en gmail (PENDING)
]]></system-out>
  </testcase>
  <testcase name="[PENDING] And voy a ingresar un valor en el campo &quot;Asunto&quot; del mensaje​​" classname="[PENDING] And voy a ingresar un valor en el campo &quot;Asunto&quot; del mensaje​​" time="0">
    <skipped/>
    <system-out><![CDATA[When voy a ingresar un valor existente en el campo "Correo destino" (PENDING)
]]></system-out>
  </testcase>
  <testcase name="[PENDING] And voy a ingresar una descripción en  el cuerpo del mensaje​​" classname="[PENDING] And voy a ingresar una descripción en  el cuerpo del mensaje​​" time="0">
    <skipped/>
    <system-out><![CDATA[And voy a ingresar un valor en el campo "Asunto" del mensaje (PENDING)
]]></system-out>
  </testcase>
  <testcase name="[PENDING] And Seleccionar la opción &quot;Adjuntar Archivos&quot;" classname="[PENDING] And Seleccionar la opción &quot;Adjuntar Archivos&quot;" time="0">
    <skipped/>
    <system-out><![CDATA[And voy a ingresar una descripción en  el cuerpo del mensaje (PENDING)
]]></system-out>
  </testcase>
  <testcase name="[PENDING] And seleccionar enviar​​" classname="[PENDING] And seleccionar enviar​​" time="0">
    <skipped/>
    <system-out><![CDATA[And Seleccionar la opción "Adjuntar Archivos" (PENDING)
]]></system-out>
  </testcase>
  <testcase name="[PENDING] Then se debe mostrar correctamente el mensaje &quot;Tu mensaje ha sido enviado. Ver el mensaje​​" classname="[PENDING] Then se debe mostrar correctamente el mensaje &quot;Tu mensaje ha sido enviado. Ver el mensaje​​" time="0">
    <skipped/>
    <system-out><![CDATA[And seleccionar enviar (PENDING)
]]></system-out>
  </testcase>
  <testcase name="Scenario: Redacción Correo con dato adjunto |Envío|" classname="Scenario: Redacción Correo con dato adjunto |Envío|" time="0.046"/>
  <testcase name="[PENDING] Given estoy enviando un correo en gmail​​​" classname="[PENDING] Given estoy enviando un correo en gmail​​​" time="0">
    <skipped/>
    <system-out><![CDATA[
Scenario: Redacción Correo (Envío en borrador)
]]></system-out>
  </testcase>
  <testcase name="[PENDING] When voy a ingresar un valor existente en el campo &quot;Correo destino&quot;​​​" classname="[PENDING] When voy a ingresar un valor existente en el campo &quot;Correo destino&quot;​​​" time="0">
    <skipped/>
    <system-out><![CDATA[Given estoy enviando un correo en gmail (PENDING)
]]></system-out>
  </testcase>
  <testcase name="[PENDING] And voy a ingresar un valor en el campo &quot;Asunto&quot; del mensaje​​​" classname="[PENDING] And voy a ingresar un valor en el campo &quot;Asunto&quot; del mensaje​​​" time="0">
    <skipped/>
    <system-out><![CDATA[When voy a ingresar un valor existente en el campo "Correo destino" (PENDING)
]]></system-out>
  </testcase>
  <testcase name="[PENDING] And voy a ingresar una descripción en  el cuerpo del mensaje​​​" classname="[PENDING] And voy a ingresar una descripción en  el cuerpo del mensaje​​​" time="0">
    <skipped/>
    <system-out><![CDATA[And voy a ingresar un valor en el campo "Asunto" del mensaje (PENDING)
]]></system-out>
  </testcase>
  <testcase name="[PENDING] And seleccionar la opción &quot;Guardar y cerrar&quot;" classname="[PENDING] And seleccionar la opción &quot;Guardar y cerrar&quot;" time="0">
    <skipped/>
    <system-out><![CDATA[And voy a ingresar una descripción en  el cuerpo del mensaje (PENDING)
]]></system-out>
  </testcase>
  <testcase name="[PENDING] And seleccionar enviar​​​" classname="[PENDING] And seleccionar enviar​​​" time="0">
    <skipped/>
    <system-out><![CDATA[And seleccionar la opción "Guardar y cerrar" (PENDING)
]]></system-out>
  </testcase>
  <testcase name="[PENDING] Then se debe mostrar la información del mensaje No enviado. En la bandeja de borradores" classname="[PENDING] Then se debe mostrar la información del mensaje No enviado. En la bandeja de borradores" time="0">
    <skipped/>
    <system-out><![CDATA[And seleccionar enviar (PENDING)
]]></system-out>
  </testcase>
  <testcase name="Scenario: Redacción Correo |Envío en borrador|" classname="Scenario: Redacción Correo |Envío en borrador|" time="0.076"/>
  <testcase name="envio_recepcion_correo.story" classname="envio_recepcion_correo.story" time="0.133"/>
  <testcase name="AfterStories" classname="java.lang.Object" time="2.253"/>
</testsuite>