<?xml version="1.0" encoding="UTF-8"?><testsuite errors="0" failures="0" name="Envio recepcion correo" skipped="4" tests="6" time="45.16" timestamp="2017-11-316 01:32:23"><testcase name="Loguin al servidor de correo gmail para (envío y recepción) de información"/><testcase name="Recepción de correo electronico en la bandeja de entrada gmail"/><testcase name="Redacción Correo con copias Cc (Envío)"><skipped/></testcase><testcase name="Redacción Correo con copia Oculta Cco (Envío)"><skipped/></testcase><testcase name="Redacción Correo con dato adjunto (Envío)"><skipped/></testcase><testcase name="Redacción Correo (Envío en borrador)"><skipped/></testcase></testsuite>