<?xml version="1.0" encoding="UTF-8"?><testsuite errors="1" failures="0" name="Envio recepcion correo" skipped="0" tests="1" time="31.07" timestamp="2017-11-313 01:37:40"><testcase name="Envio y recepcion de correo electronico en gmail"><error message="Timed out after 0 seconds. Element not found&#10;For documentation on this error, please visit: http://seleniumhq.org/exceptions/no_such_element.html&#10;Build info: version: '2.53.1', revision: 'a36b8b1cd5757287168e54b817830adce9b0158d', time: '2016-06-30 19:26:09'&#10;System info: host: 'QV22', ip: '127.0.0.1', os.name: 'Windows 7', os.arch: 'amd64', os.version: '6.1', java.version: '1.8.0_121'&#10;Driver info: driver.version: unknown" type="org.openqa.selenium.NoSuchElementException">Timed out after 0 seconds. Element not found
For documentation on this error, please visit: http://seleniumhq.org/exceptions/no_such_element.html
Build info: version: '2.53.1', revision: 'a36b8b1cd5757287168e54b817830adce9b0158d', time: '2016-06-30 19:26:09'
System info: host: 'QV22', ip: '127.0.0.1', os.name: 'Windows 7', os.arch: 'amd64', os.version: '6.1', java.version: '1.8.0_121'
Driver info: driver.version: unknown</error><system-err>Timed out after 0 seconds. Element not found
For documentation on this error, please visit: http://seleniumhq.org/exceptions/no_such_element.html
Build info: version: '2.53.1', revision: 'a36b8b1cd5757287168e54b817830adce9b0158d', time: '2016-06-30 19:26:09'
System info: host: 'QV22', ip: '127.0.0.1', os.name: 'Windows 7', os.arch: 'amd64', os.version: '6.1', java.version: '1.8.0_121'
Driver info: driver.version: unknown&#13;
com.sura.pruebatecnica.correoelectronico.pages.IngresoSitioWebPages.inicioDesesion(IngresoSitioWebPages.java:43)&#13;
com.sura.pruebatecnica.correoelectronico.steps.IngresoSitioWebSteps.inicioDesesion(IngresoSitioWebSteps.java:20)&#13;
com.sura.pruebatecnica.correoelectronico.definitions.IngresoSitioWebDefinitions.inicioDesesion(IngresoSitioWebDefinitions.java:22)&#13;
</system-err></testcase></testsuite>