<?xml version="1.0" encoding="UTF-8"?><testsuite errors="1" failures="0" name="Envio recepcion correo" skipped="0" tests="1" time="53.72" timestamp="2017-11-314 08:03:36"><testcase name="Loguin al servidor de correo Gmail para (envío y recepción) de información"><error message="Timed out after 16000 milliseconds: net.serenitybdd.core.pages.RenderedPageObjectView$2@651fe169&#10;Build info: version: '2.53.1', revision: 'a36b8b1cd5757287168e54b817830adce9b0158d', time: '2016-06-30 19:26:09'&#10;System info: host: 'QV22', ip: '10.214.18.142', os.name: 'Windows 7', os.arch: 'amd64', os.version: '6.1', java.version: '1.8.0_121'&#10;Driver info: driver.version: unknown" type="org.openqa.selenium.TimeoutException">Timed out after 16000 milliseconds: net.serenitybdd.core.pages.RenderedPageObjectView$2@651fe169
Build info: version: '2.53.1', revision: 'a36b8b1cd5757287168e54b817830adce9b0158d', time: '2016-06-30 19:26:09'
System info: host: 'QV22', ip: '10.214.18.142', os.name: 'Windows 7', os.arch: 'amd64', os.version: '6.1', java.version: '1.8.0_121'
Driver info: driver.version: unknown</error><system-err>Timed out after 16000 milliseconds: net.serenitybdd.core.pages.RenderedPageObjectView$2@651fe169
Build info: version: '2.53.1', revision: 'a36b8b1cd5757287168e54b817830adce9b0158d', time: '2016-06-30 19:26:09'
System info: host: 'QV22', ip: '10.214.18.142', os.name: 'Windows 7', os.arch: 'amd64', os.version: '6.1', java.version: '1.8.0_121'
Driver info: driver.version: unknown&#13;
com.sura.pruebatecnica.correoelectronico.pages.IngresoSitioWebPages.validarMensajeCorreo(IngresoSitioWebPages.java:78)&#13;
com.sura.pruebatecnica.correoelectronico.steps.IngresoSitioWebSteps.validarMensajeCorreo(IngresoSitioWebSteps.java:40)&#13;
com.sura.pruebatecnica.correoelectronico.definitions.IngresoSitioWebDefinitions.validarMensajeCorreo(IngresoSitioWebDefinitions.java:40)&#13;
</system-err></testcase></testsuite>